{"/Users/neosoft/MyApp/axios.tsx": {"path":"/Users/neosoft/MyApp/axios.tsx","statementMap":{"0":{"start":{"line":3,"column":17},"end":{"line":5,"column":2}}},"fnMap":{},"branchMap":{},"s":{"0":2},"f":{},"b":{},"_coverageSchema":"1a1c01bbd47fc00a2c39e90264f33305004495a9","hash":"b17bc40f473581a306bc59cb4886442afb905724"}
,"/Users/neosoft/MyApp/src/sum.js": {"path":"/Users/neosoft/MyApp/src/sum.js","statementMap":{"0":{"start":{"line":2,"column":4},"end":{"line":2,"column":17}},"1":{"start":{"line":4,"column":2},"end":{"line":4,"column":23}}},"fnMap":{"0":{"name":"sum","decl":{"start":{"line":1,"column":9},"end":{"line":1,"column":12}},"loc":{"start":{"line":1,"column":19},"end":{"line":3,"column":3}},"line":1}},"branchMap":{},"s":{"0":1,"1":1},"f":{"0":1},"b":{},"_coverageSchema":"1a1c01bbd47fc00a2c39e90264f33305004495a9","hash":"b109f08bfe18fb0568fa01a4adeda632f7cc6606"}
,"/Users/neosoft/MyApp/src/Screens/AllPosts.tsx": {"path":"/Users/neosoft/MyApp/src/Screens/AllPosts.tsx","statementMap":{"0":{"start":{"line":22,"column":22},"end":{"line":166,"column":1}},"1":{"start":{"line":31,"column":32},"end":{"line":31,"column":52}},"2":{"start":{"line":34,"column":52},"end":{"line":34,"column":76}},"3":{"start":{"line":36,"column":56},"end":{"line":36,"column":80}},"4":{"start":{"line":38,"column":32},"end":{"line":38,"column":55}},"5":{"start":{"line":39,"column":34},"end":{"line":39,"column":58}},"6":{"start":{"line":41,"column":23},"end":{"line":41,"column":38}},"7":{"start":{"line":44,"column":4},"end":{"line":46,"column":11}},"8":{"start":{"line":45,"column":8},"end":{"line":45,"column":19}},"9":{"start":{"line":49,"column":21},"end":{"line":69,"column":5}},"10":{"start":{"line":51,"column":8},"end":{"line":68,"column":11}},"11":{"start":{"line":58,"column":12},"end":{"line":58,"column":42}},"12":{"start":{"line":59,"column":12},"end":{"line":59,"column":44}},"13":{"start":{"line":62,"column":12},"end":{"line":62,"column":29}},"14":{"start":{"line":66,"column":12},"end":{"line":66,"column":29}},"15":{"start":{"line":67,"column":12},"end":{"line":67,"column":29}},"16":{"start":{"line":73,"column":33},"end":{"line":103,"column":5}},"17":{"start":{"line":76,"column":8},"end":{"line":102,"column":9}},"18":{"start":{"line":78,"column":40},"end":{"line":92,"column":12}},"19":{"start":{"line":81,"column":44},"end":{"line":81,"column":100}},"20":{"start":{"line":82,"column":41},"end":{"line":82,"column":95}},"21":{"start":{"line":85,"column":41},"end":{"line":85,"column":59}},"22":{"start":{"line":89,"column":16},"end":{"line":91,"column":17}},"23":{"start":{"line":90,"column":20},"end":{"line":90,"column":32}},"24":{"start":{"line":96,"column":10},"end":{"line":96,"column":41}},"25":{"start":{"line":97,"column":10},"end":{"line":97,"column":26}},"26":{"start":{"line":100,"column":10},"end":{"line":100,"column":50}},"27":{"start":{"line":101,"column":10},"end":{"line":101,"column":26}},"28":{"start":{"line":106,"column":30},"end":{"line":121,"column":5}},"29":{"start":{"line":107,"column":26},"end":{"line":107,"column":28}},"30":{"start":{"line":110,"column":8},"end":{"line":118,"column":9}},"31":{"start":{"line":113,"column":12},"end":{"line":117,"column":14}},"32":{"start":{"line":114,"column":16},"end":{"line":116,"column":18}},"33":{"start":{"line":120,"column":8},"end":{"line":120,"column":21}},"34":{"start":{"line":123,"column":4},"end":{"line":165,"column":6}},"35":{"start":{"line":152,"column":50},"end":{"line":152,"column":76}}},"fnMap":{"0":{"name":"(anonymous_0)","decl":{"start":{"line":22,"column":22},"end":{"line":22,"column":23}},"loc":{"start":{"line":22,"column":28},"end":{"line":166,"column":1}},"line":22},"1":{"name":"(anonymous_1)","decl":{"start":{"line":44,"column":15},"end":{"line":44,"column":16}},"loc":{"start":{"line":44,"column":20},"end":{"line":46,"column":5}},"line":44},"2":{"name":"(anonymous_2)","decl":{"start":{"line":49,"column":21},"end":{"line":49,"column":22}},"loc":{"start":{"line":49,"column":33},"end":{"line":69,"column":5}},"line":49},"3":{"name":"(anonymous_3)","decl":{"start":{"line":55,"column":15},"end":{"line":55,"column":16}},"loc":{"start":{"line":55,"column":24},"end":{"line":63,"column":9}},"line":55},"4":{"name":"(anonymous_4)","decl":{"start":{"line":64,"column":15},"end":{"line":64,"column":16}},"loc":{"start":{"line":64,"column":24},"end":{"line":68,"column":9}},"line":64},"5":{"name":"(anonymous_5)","decl":{"start":{"line":73,"column":33},"end":{"line":73,"column":34}},"loc":{"start":{"line":73,"column":51},"end":{"line":103,"column":5}},"line":73},"6":{"name":"(anonymous_6)","decl":{"start":{"line":78,"column":64},"end":{"line":78,"column":65}},"loc":{"start":{"line":78,"column":89},"end":{"line":92,"column":11}},"line":78},"7":{"name":"(anonymous_7)","decl":{"start":{"line":106,"column":30},"end":{"line":106,"column":31}},"loc":{"start":{"line":106,"column":36},"end":{"line":121,"column":5}},"line":106},"8":{"name":"(anonymous_8)","decl":{"start":{"line":113,"column":39},"end":{"line":113,"column":40}},"loc":{"start":{"line":113,"column":58},"end":{"line":117,"column":13}},"line":113},"9":{"name":"(anonymous_9)","decl":{"start":{"line":152,"column":42},"end":{"line":152,"column":43}},"loc":{"start":{"line":152,"column":50},"end":{"line":152,"column":76}},"line":152}},"branchMap":{"0":{"loc":{"start":{"line":76,"column":8},"end":{"line":102,"column":9}},"type":"if","locations":[{"start":{"line":76,"column":8},"end":{"line":102,"column":9}},{"start":{"line":99,"column":13},"end":{"line":102,"column":9}}],"line":76},"1":{"loc":{"start":{"line":81,"column":44},"end":{"line":81,"column":100}},"type":"cond-expr","locations":[{"start":{"line":81,"column":57},"end":{"line":81,"column":81}},{"start":{"line":81,"column":84},"end":{"line":81,"column":100}}],"line":81},"2":{"loc":{"start":{"line":82,"column":41},"end":{"line":82,"column":95}},"type":"cond-expr","locations":[{"start":{"line":82,"column":53},"end":{"line":82,"column":76}},{"start":{"line":82,"column":79},"end":{"line":82,"column":95}}],"line":82},"3":{"loc":{"start":{"line":89,"column":16},"end":{"line":91,"column":17}},"type":"if","locations":[{"start":{"line":89,"column":16},"end":{"line":91,"column":17}},{"start":{},"end":{}}],"line":89},"4":{"loc":{"start":{"line":110,"column":8},"end":{"line":118,"column":9}},"type":"if","locations":[{"start":{"line":110,"column":8},"end":{"line":118,"column":9}},{"start":{},"end":{}}],"line":110},"5":{"loc":{"start":{"line":127,"column":14},"end":{"line":162,"column":17}},"type":"cond-expr","locations":[{"start":{"line":128,"column":16},"end":{"line":130,"column":23}},{"start":{"line":131,"column":16},"end":{"line":162,"column":17}}],"line":127},"6":{"loc":{"start":{"line":131,"column":16},"end":{"line":162,"column":17}},"type":"cond-expr","locations":[{"start":{"line":132,"column":16},"end":{"line":135,"column":23}},{"start":{"line":138,"column":16},"end":{"line":161,"column":23}}],"line":131}},"s":{"0":1,"1":2,"2":2,"3":2,"4":2,"5":2,"6":2,"7":2,"8":2,"9":2,"10":2,"11":0,"12":0,"13":0,"14":0,"15":0,"16":2,"17":0,"18":0,"19":0,"20":0,"21":0,"22":0,"23":0,"24":0,"25":0,"26":0,"27":0,"28":2,"29":0,"30":0,"31":0,"32":0,"33":0,"34":2,"35":0},"f":{"0":2,"1":2,"2":2,"3":0,"4":0,"5":0,"6":0,"7":0,"8":0,"9":0},"b":{"0":[0,0],"1":[0,0],"2":[0,0],"3":[0,0],"4":[0,0],"5":[2,0],"6":[0,0]},"_coverageSchema":"1a1c01bbd47fc00a2c39e90264f33305004495a9","hash":"e5ebed0a72a25423310143eb4fe48e3c9adfe281"}
,"/Users/neosoft/MyApp/src/Screens/Login.tsx": {"path":"/Users/neosoft/MyApp/src/Screens/Login.tsx","statementMap":{"0":{"start":{"line":29,"column":18},"end":{"line":154,"column":1}},"1":{"start":{"line":31,"column":23},"end":{"line":31,"column":56}},"2":{"start":{"line":32,"column":36},"end":{"line":32,"column":56}},"3":{"start":{"line":33,"column":36},"end":{"line":33,"column":56}},"4":{"start":{"line":34,"column":30},"end":{"line":34,"column":50}},"5":{"start":{"line":41,"column":23},"end":{"line":83,"column":5}},"6":{"start":{"line":43,"column":26},"end":{"line":43,"column":31}},"7":{"start":{"line":43,"column":51},"end":{"line":43,"column":56}},"8":{"start":{"line":45,"column":8},"end":{"line":82,"column":11}},"9":{"start":{"line":48,"column":34},"end":{"line":48,"column":62}},"10":{"start":{"line":50,"column":10},"end":{"line":53,"column":11}},"11":{"start":{"line":51,"column":12},"end":{"line":51,"column":39}},"12":{"start":{"line":52,"column":12},"end":{"line":52,"column":19}},"13":{"start":{"line":54,"column":38},"end":{"line":54,"column":40}},"14":{"start":{"line":56,"column":10},"end":{"line":64,"column":16}},"15":{"start":{"line":57,"column":16},"end":{"line":63,"column":17}},"16":{"start":{"line":58,"column":20},"end":{"line":58,"column":39}},"17":{"start":{"line":59,"column":20},"end":{"line":62,"column":21}},"18":{"start":{"line":60,"column":24},"end":{"line":60,"column":44}},"19":{"start":{"line":61,"column":24},"end":{"line":61,"column":47}},"20":{"start":{"line":66,"column":10},"end":{"line":78,"column":11}},"21":{"start":{"line":68,"column":12},"end":{"line":68,"column":58}},"22":{"start":{"line":69,"column":12},"end":{"line":69,"column":44}},"23":{"start":{"line":72,"column":12},"end":{"line":77,"column":13}},"24":{"start":{"line":73,"column":16},"end":{"line":73,"column":47}},"25":{"start":{"line":76,"column":16},"end":{"line":76,"column":46}},"26":{"start":{"line":81,"column":12},"end":{"line":81,"column":56}},"27":{"start":{"line":85,"column":21},"end":{"line":97,"column":5}},"28":{"start":{"line":87,"column":8},"end":{"line":96,"column":9}},"29":{"start":{"line":89,"column":12},"end":{"line":89,"column":67}},"30":{"start":{"line":90,"column":15},"end":{"line":96,"column":9}},"31":{"start":{"line":92,"column":12},"end":{"line":92,"column":67}},"32":{"start":{"line":95,"column":12},"end":{"line":95,"column":25}},"33":{"start":{"line":99,"column":27},"end":{"line":101,"column":5}},"34":{"start":{"line":100,"column":8},"end":{"line":100,"column":29}},"35":{"start":{"line":103,"column":22},"end":{"line":105,"column":5}},"36":{"start":{"line":104,"column":8},"end":{"line":104,"column":25}},"37":{"start":{"line":107,"column":19},"end":{"line":109,"column":5}},"38":{"start":{"line":108,"column":8},"end":{"line":108,"column":37}},"39":{"start":{"line":111,"column":4},"end":{"line":153,"column":5}},"40":{"start":{"line":122,"column":41},"end":{"line":122,"column":62}},"41":{"start":{"line":131,"column":40},"end":{"line":131,"column":56}},"42":{"start":{"line":156,"column":15},"end":{"line":201,"column":2}}},"fnMap":{"0":{"name":"(anonymous_0)","decl":{"start":{"line":29,"column":18},"end":{"line":29,"column":19}},"loc":{"start":{"line":29,"column":24},"end":{"line":154,"column":1}},"line":29},"1":{"name":"(anonymous_1)","decl":{"start":{"line":41,"column":23},"end":{"line":41,"column":24}},"loc":{"start":{"line":41,"column":34},"end":{"line":83,"column":5}},"line":41},"2":{"name":"(anonymous_2)","decl":{"start":{"line":46,"column":15},"end":{"line":46,"column":16}},"loc":{"start":{"line":46,"column":27},"end":{"line":79,"column":9}},"line":46},"3":{"name":"(anonymous_3)","decl":{"start":{"line":56,"column":24},"end":{"line":56,"column":25}},"loc":{"start":{"line":56,"column":42},"end":{"line":64,"column":14}},"line":56},"4":{"name":"(anonymous_4)","decl":{"start":{"line":80,"column":15},"end":{"line":80,"column":16}},"loc":{"start":{"line":80,"column":24},"end":{"line":82,"column":9}},"line":80},"5":{"name":"(anonymous_5)","decl":{"start":{"line":85,"column":21},"end":{"line":85,"column":22}},"loc":{"start":{"line":85,"column":27},"end":{"line":97,"column":5}},"line":85},"6":{"name":"(anonymous_6)","decl":{"start":{"line":99,"column":27},"end":{"line":99,"column":28}},"loc":{"start":{"line":99,"column":48},"end":{"line":101,"column":5}},"line":99},"7":{"name":"(anonymous_7)","decl":{"start":{"line":103,"column":22},"end":{"line":103,"column":23}},"loc":{"start":{"line":103,"column":39},"end":{"line":105,"column":5}},"line":103},"8":{"name":"(anonymous_8)","decl":{"start":{"line":107,"column":19},"end":{"line":107,"column":20}},"loc":{"start":{"line":107,"column":25},"end":{"line":109,"column":5}},"line":107},"9":{"name":"(anonymous_9)","decl":{"start":{"line":122,"column":30},"end":{"line":122,"column":31}},"loc":{"start":{"line":122,"column":41},"end":{"line":122,"column":62}},"line":122},"10":{"name":"(anonymous_10)","decl":{"start":{"line":131,"column":30},"end":{"line":131,"column":31}},"loc":{"start":{"line":131,"column":40},"end":{"line":131,"column":56}},"line":131}},"branchMap":{"0":{"loc":{"start":{"line":50,"column":10},"end":{"line":53,"column":11}},"type":"if","locations":[{"start":{"line":50,"column":10},"end":{"line":53,"column":11}},{"start":{},"end":{}}],"line":50},"1":{"loc":{"start":{"line":57,"column":16},"end":{"line":63,"column":17}},"type":"if","locations":[{"start":{"line":57,"column":16},"end":{"line":63,"column":17}},{"start":{},"end":{}}],"line":57},"2":{"loc":{"start":{"line":59,"column":20},"end":{"line":62,"column":21}},"type":"if","locations":[{"start":{"line":59,"column":20},"end":{"line":62,"column":21}},{"start":{},"end":{}}],"line":59},"3":{"loc":{"start":{"line":66,"column":10},"end":{"line":78,"column":11}},"type":"if","locations":[{"start":{"line":66,"column":10},"end":{"line":78,"column":11}},{"start":{"line":71,"column":14},"end":{"line":78,"column":11}}],"line":66},"4":{"loc":{"start":{"line":72,"column":12},"end":{"line":77,"column":13}},"type":"if","locations":[{"start":{"line":72,"column":12},"end":{"line":77,"column":13}},{"start":{"line":75,"column":16},"end":{"line":77,"column":13}}],"line":72},"5":{"loc":{"start":{"line":72,"column":15},"end":{"line":72,"column":62}},"type":"binary-expr","locations":[{"start":{"line":72,"column":15},"end":{"line":72,"column":34}},{"start":{"line":72,"column":38},"end":{"line":72,"column":62}}],"line":72},"6":{"loc":{"start":{"line":87,"column":8},"end":{"line":96,"column":9}},"type":"if","locations":[{"start":{"line":87,"column":8},"end":{"line":96,"column":9}},{"start":{"line":90,"column":15},"end":{"line":96,"column":9}}],"line":87},"7":{"loc":{"start":{"line":90,"column":15},"end":{"line":96,"column":9}},"type":"if","locations":[{"start":{"line":90,"column":15},"end":{"line":96,"column":9}},{"start":{"line":94,"column":12},"end":{"line":96,"column":9}}],"line":90},"8":{"loc":{"start":{"line":134,"column":14},"end":{"line":134,"column":107}},"type":"cond-expr","locations":[{"start":{"line":134,"column":22},"end":{"line":134,"column":100}},{"start":{"line":134,"column":103},"end":{"line":134,"column":107}}],"line":134}},"s":{"0":1,"1":2,"2":2,"3":2,"4":2,"5":2,"6":0,"7":0,"8":0,"9":0,"10":0,"11":0,"12":0,"13":0,"14":0,"15":0,"16":0,"17":0,"18":0,"19":0,"20":0,"21":0,"22":0,"23":0,"24":0,"25":0,"26":0,"27":2,"28":1,"29":1,"30":0,"31":0,"32":0,"33":2,"34":0,"35":2,"36":0,"37":2,"38":0,"39":2,"40":0,"41":0,"42":1},"f":{"0":2,"1":0,"2":0,"3":0,"4":0,"5":1,"6":0,"7":0,"8":0,"9":0,"10":0},"b":{"0":[0,0],"1":[0,0],"2":[0,0],"3":[0,0],"4":[0,0],"5":[0,0],"6":[1,0],"7":[0,0],"8":[1,1]},"_coverageSchema":"1a1c01bbd47fc00a2c39e90264f33305004495a9","hash":"b0b8e81b0f9288f1d1e236569a8bf90c47bc8b15"}
,"/Users/neosoft/MyApp/src/Screens/Post.tsx": {"path":"/Users/neosoft/MyApp/src/Screens/Post.tsx","statementMap":{"0":{"start":{"line":29,"column":24},"end":{"line":65,"column":1}},"1":{"start":{"line":31,"column":26},"end":{"line":31,"column":36}},"2":{"start":{"line":32,"column":23},"end":{"line":32,"column":56}},"3":{"start":{"line":33,"column":4},"end":{"line":33,"column":31}},"4":{"start":{"line":34,"column":4},"end":{"line":64,"column":6}},"5":{"start":{"line":39,"column":20},"end":{"line":39,"column":72}},"6":{"start":{"line":67,"column":19},"end":{"line":96,"column":2}}},"fnMap":{"0":{"name":"(anonymous_0)","decl":{"start":{"line":29,"column":24},"end":{"line":29,"column":25}},"loc":{"start":{"line":29,"column":35},"end":{"line":65,"column":1}},"line":29},"1":{"name":"(anonymous_1)","decl":{"start":{"line":38,"column":25},"end":{"line":38,"column":26}},"loc":{"start":{"line":38,"column":30},"end":{"line":40,"column":17}},"line":38}},"branchMap":{},"s":{"0":1,"1":0,"2":0,"3":0,"4":0,"5":0,"6":1},"f":{"0":0,"1":0},"b":{},"_coverageSchema":"1a1c01bbd47fc00a2c39e90264f33305004495a9","hash":"d9742d17b2ab9dcef580557fb8e54288c982e829"}
,"/Users/neosoft/MyApp/src/Screens/PostDetails.tsx": {"path":"/Users/neosoft/MyApp/src/Screens/PostDetails.tsx","statementMap":{"0":{"start":{"line":25,"column":22},"end":{"line":36,"column":1}},"1":{"start":{"line":26,"column":4},"end":{"line":35,"column":5}},"2":{"start":{"line":38,"column":25},"end":{"line":63,"column":1}},"3":{"start":{"line":46,"column":29},"end":{"line":46,"column":57}},"4":{"start":{"line":48,"column":4},"end":{"line":62,"column":6}},"5":{"start":{"line":65,"column":15},"end":{"line":76,"column":2}}},"fnMap":{"0":{"name":"(anonymous_0)","decl":{"start":{"line":25,"column":22},"end":{"line":25,"column":23}},"loc":{"start":{"line":25,"column":94},"end":{"line":36,"column":1}},"line":25},"1":{"name":"(anonymous_1)","decl":{"start":{"line":38,"column":25},"end":{"line":38,"column":26}},"loc":{"start":{"line":38,"column":31},"end":{"line":63,"column":1}},"line":38}},"branchMap":{"0":{"loc":{"start":{"line":55,"column":65},"end":{"line":55,"column":83}},"type":"cond-expr","locations":[{"start":{"line":55,"column":72},"end":{"line":55,"column":79}},{"start":{"line":55,"column":82},"end":{"line":55,"column":83}}],"line":55},"1":{"loc":{"start":{"line":56,"column":68},"end":{"line":56,"column":90}},"type":"cond-expr","locations":[{"start":{"line":56,"column":75},"end":{"line":56,"column":85}},{"start":{"line":56,"column":88},"end":{"line":56,"column":90}}],"line":56},"2":{"loc":{"start":{"line":57,"column":67},"end":{"line":57,"column":88}},"type":"cond-expr","locations":[{"start":{"line":57,"column":74},"end":{"line":57,"column":83}},{"start":{"line":57,"column":86},"end":{"line":57,"column":88}}],"line":57}},"s":{"0":1,"1":0,"2":1,"3":2,"4":0,"5":1},"f":{"0":0,"1":2},"b":{"0":[0,0],"1":[0,0],"2":[0,0]},"_coverageSchema":"1a1c01bbd47fc00a2c39e90264f33305004495a9","hash":"e22167303f00b62c632f510958634105c46dfc75"}
,"/Users/neosoft/MyApp/src/Screens/SignUp.tsx": {"path":"/Users/neosoft/MyApp/src/Screens/SignUp.tsx","statementMap":{"0":{"start":{"line":23,"column":19},"end":{"line":23,"column":54}},"1":{"start":{"line":25,"column":19},"end":{"line":245,"column":1}},"2":{"start":{"line":27,"column":36},"end":{"line":27,"column":56}},"3":{"start":{"line":28,"column":36},"end":{"line":28,"column":56}},"4":{"start":{"line":29,"column":50},"end":{"line":29,"column":70}},"5":{"start":{"line":30,"column":31},"end":{"line":30,"column":51}},"6":{"start":{"line":31,"column":23},"end":{"line":31,"column":56}},"7":{"start":{"line":34,"column":21},"end":{"line":48,"column":5}},"8":{"start":{"line":36,"column":8},"end":{"line":36,"column":21}},"9":{"start":{"line":38,"column":8},"end":{"line":47,"column":22}},"10":{"start":{"line":39,"column":12},"end":{"line":39,"column":34}},"11":{"start":{"line":40,"column":13},"end":{"line":47,"column":22}},"12":{"start":{"line":41,"column":12},"end":{"line":41,"column":67}},"13":{"start":{"line":42,"column":13},"end":{"line":47,"column":22}},"14":{"start":{"line":43,"column":12},"end":{"line":43,"column":67}},"15":{"start":{"line":44,"column":13},"end":{"line":47,"column":22}},"16":{"start":{"line":45,"column":12},"end":{"line":45,"column":55}},"17":{"start":{"line":47,"column":12},"end":{"line":47,"column":22}},"18":{"start":{"line":53,"column":20},"end":{"line":89,"column":5}},"19":{"start":{"line":57,"column":32},"end":{"line":57,"column":37}},"20":{"start":{"line":58,"column":8},"end":{"line":88,"column":11}},"21":{"start":{"line":60,"column":12},"end":{"line":60,"column":74}},"22":{"start":{"line":62,"column":24},"end":{"line":62,"column":52}},"23":{"start":{"line":63,"column":12},"end":{"line":63,"column":54}},"24":{"start":{"line":65,"column":12},"end":{"line":83,"column":58}},"25":{"start":{"line":67,"column":33},"end":{"line":70,"column":17}},"26":{"start":{"line":72,"column":16},"end":{"line":79,"column":24}},"27":{"start":{"line":75,"column":24},"end":{"line":75,"column":56}},"28":{"start":{"line":78,"column":24},"end":{"line":78,"column":76}},"29":{"start":{"line":80,"column":20},"end":{"line":80,"column":66}},"30":{"start":{"line":83,"column":16},"end":{"line":83,"column":58}},"31":{"start":{"line":86,"column":12},"end":{"line":86,"column":58}},"32":{"start":{"line":87,"column":12},"end":{"line":87,"column":75}},"33":{"start":{"line":91,"column":27},"end":{"line":93,"column":5}},"34":{"start":{"line":92,"column":8},"end":{"line":92,"column":29}},"35":{"start":{"line":95,"column":22},"end":{"line":100,"column":5}},"36":{"start":{"line":96,"column":8},"end":{"line":99,"column":36}},"37":{"start":{"line":97,"column":12},"end":{"line":97,"column":29}},"38":{"start":{"line":98,"column":13},"end":{"line":99,"column":36}},"39":{"start":{"line":99,"column":12},"end":{"line":99,"column":36}},"40":{"start":{"line":102,"column":19},"end":{"line":104,"column":5}},"41":{"start":{"line":103,"column":8},"end":{"line":103,"column":37}},"42":{"start":{"line":106,"column":4},"end":{"line":244,"column":5}},"43":{"start":{"line":125,"column":45},"end":{"line":125,"column":66}},"44":{"start":{"line":141,"column":43},"end":{"line":141,"column":65}},"45":{"start":{"line":157,"column":43},"end":{"line":157,"column":72}},"46":{"start":{"line":168,"column":31},"end":{"line":168,"column":76}},"47":{"start":{"line":247,"column":15},"end":{"line":303,"column":2}}},"fnMap":{"0":{"name":"(anonymous_0)","decl":{"start":{"line":25,"column":19},"end":{"line":25,"column":20}},"loc":{"start":{"line":25,"column":25},"end":{"line":245,"column":1}},"line":25},"1":{"name":"(anonymous_1)","decl":{"start":{"line":34,"column":21},"end":{"line":34,"column":22}},"loc":{"start":{"line":34,"column":75},"end":{"line":48,"column":5}},"line":34},"2":{"name":"(anonymous_2)","decl":{"start":{"line":53,"column":20},"end":{"line":53,"column":21}},"loc":{"start":{"line":53,"column":30},"end":{"line":89,"column":5}},"line":53},"3":{"name":"(anonymous_3)","decl":{"start":{"line":59,"column":14},"end":{"line":59,"column":15}},"loc":{"start":{"line":59,"column":32},"end":{"line":84,"column":9}},"line":59},"4":{"name":"(anonymous_4)","decl":{"start":{"line":73,"column":27},"end":{"line":73,"column":28}},"loc":{"start":{"line":73,"column":39},"end":{"line":76,"column":21}},"line":73},"5":{"name":"(anonymous_5)","decl":{"start":{"line":77,"column":28},"end":{"line":77,"column":29}},"loc":{"start":{"line":77,"column":37},"end":{"line":79,"column":21}},"line":77},"6":{"name":"(anonymous_6)","decl":{"start":{"line":85,"column":15},"end":{"line":85,"column":16}},"loc":{"start":{"line":85,"column":24},"end":{"line":88,"column":9}},"line":85},"7":{"name":"(anonymous_7)","decl":{"start":{"line":91,"column":27},"end":{"line":91,"column":28}},"loc":{"start":{"line":91,"column":48},"end":{"line":93,"column":5}},"line":91},"8":{"name":"(anonymous_8)","decl":{"start":{"line":95,"column":22},"end":{"line":95,"column":23}},"loc":{"start":{"line":95,"column":53},"end":{"line":100,"column":5}},"line":95},"9":{"name":"(anonymous_9)","decl":{"start":{"line":102,"column":19},"end":{"line":102,"column":20}},"loc":{"start":{"line":102,"column":25},"end":{"line":104,"column":5}},"line":102},"10":{"name":"(anonymous_10)","decl":{"start":{"line":125,"column":34},"end":{"line":125,"column":35}},"loc":{"start":{"line":125,"column":45},"end":{"line":125,"column":66}},"line":125},"11":{"name":"(anonymous_11)","decl":{"start":{"line":141,"column":34},"end":{"line":141,"column":35}},"loc":{"start":{"line":141,"column":43},"end":{"line":141,"column":65}},"line":141},"12":{"name":"(anonymous_12)","decl":{"start":{"line":157,"column":34},"end":{"line":157,"column":35}},"loc":{"start":{"line":157,"column":43},"end":{"line":157,"column":72}},"line":157},"13":{"name":"(anonymous_13)","decl":{"start":{"line":168,"column":25},"end":{"line":168,"column":26}},"loc":{"start":{"line":168,"column":31},"end":{"line":168,"column":76}},"line":168}},"branchMap":{"0":{"loc":{"start":{"line":38,"column":8},"end":{"line":47,"column":22}},"type":"if","locations":[{"start":{"line":38,"column":8},"end":{"line":47,"column":22}},{"start":{"line":40,"column":13},"end":{"line":47,"column":22}}],"line":38},"1":{"loc":{"start":{"line":40,"column":13},"end":{"line":47,"column":22}},"type":"if","locations":[{"start":{"line":40,"column":13},"end":{"line":47,"column":22}},{"start":{"line":42,"column":13},"end":{"line":47,"column":22}}],"line":40},"2":{"loc":{"start":{"line":42,"column":13},"end":{"line":47,"column":22}},"type":"if","locations":[{"start":{"line":42,"column":13},"end":{"line":47,"column":22}},{"start":{"line":44,"column":13},"end":{"line":47,"column":22}}],"line":42},"3":{"loc":{"start":{"line":44,"column":13},"end":{"line":47,"column":22}},"type":"if","locations":[{"start":{"line":44,"column":13},"end":{"line":47,"column":22}},{"start":{"line":47,"column":12},"end":{"line":47,"column":22}}],"line":44},"4":{"loc":{"start":{"line":65,"column":12},"end":{"line":83,"column":58}},"type":"if","locations":[{"start":{"line":65,"column":12},"end":{"line":83,"column":58}},{"start":{"line":83,"column":16},"end":{"line":83,"column":58}}],"line":65},"5":{"loc":{"start":{"line":96,"column":8},"end":{"line":99,"column":36}},"type":"if","locations":[{"start":{"line":96,"column":8},"end":{"line":99,"column":36}},{"start":{"line":98,"column":13},"end":{"line":99,"column":36}}],"line":96},"6":{"loc":{"start":{"line":98,"column":13},"end":{"line":99,"column":36}},"type":"if","locations":[{"start":{"line":98,"column":13},"end":{"line":99,"column":36}},{"start":{},"end":{}}],"line":98},"7":{"loc":{"start":{"line":162,"column":14},"end":{"line":162,"column":86}},"type":"cond-expr","locations":[{"start":{"line":162,"column":33},"end":{"line":162,"column":79}},{"start":{"line":162,"column":82},"end":{"line":162,"column":86}}],"line":162}},"s":{"0":1,"1":1,"2":5,"3":5,"4":5,"5":5,"6":5,"7":5,"8":1,"9":1,"10":0,"11":1,"12":1,"13":0,"14":0,"15":0,"16":0,"17":0,"18":5,"19":0,"20":0,"21":0,"22":0,"23":0,"24":0,"25":0,"26":0,"27":0,"28":0,"29":0,"30":0,"31":0,"32":0,"33":5,"34":1,"35":5,"36":2,"37":1,"38":1,"39":1,"40":5,"41":1,"42":5,"43":1,"44":1,"45":1,"46":1,"47":1},"f":{"0":5,"1":1,"2":0,"3":0,"4":0,"5":0,"6":0,"7":1,"8":2,"9":1,"10":1,"11":1,"12":1,"13":1},"b":{"0":[0,1],"1":[1,0],"2":[0,0],"3":[0,0],"4":[0,0],"5":[1,1],"6":[1,0],"7":[1,4]},"_coverageSchema":"1a1c01bbd47fc00a2c39e90264f33305004495a9","hash":"357fb627b0a0f8c9e11d7bc0fba7cf3bbfd46261"}
,"/Users/neosoft/MyApp/src/Screens/styles.tsx": {"path":"/Users/neosoft/MyApp/src/Screens/styles.tsx","statementMap":{},"fnMap":{},"branchMap":{},"s":{},"f":{},"b":{},"_coverageSchema":"1a1c01bbd47fc00a2c39e90264f33305004495a9","hash":"6786b29f96ce7f261cc0b954d82bc29ba54a3076"}
,"/Users/neosoft/MyApp/src/Validator/auth.tsx": {"path":"/Users/neosoft/MyApp/src/Validator/auth.tsx","statementMap":{"0":{"start":{"line":2,"column":15},"end":{"line":2,"column":79}},"1":{"start":{"line":3,"column":4},"end":{"line":3,"column":29}},"2":{"start":{"line":7,"column":15},"end":{"line":7,"column":36}},"3":{"start":{"line":9,"column":4},"end":{"line":9,"column":25}}},"fnMap":{"0":{"name":"validatePassword","decl":{"start":{"line":1,"column":16},"end":{"line":1,"column":32}},"loc":{"start":{"line":1,"column":48},"end":{"line":4,"column":3}},"line":1},"1":{"name":"validateName","decl":{"start":{"line":6,"column":18},"end":{"line":6,"column":30}},"loc":{"start":{"line":6,"column":42},"end":{"line":10,"column":3}},"line":6}},"branchMap":{},"s":{"0":1,"1":1,"2":2,"3":2},"f":{"0":1,"1":2},"b":{},"_coverageSchema":"1a1c01bbd47fc00a2c39e90264f33305004495a9","hash":"9db97b60c31d4b0a0637d451e0605a40f292234d"}
,"/Users/neosoft/MyApp/src/Validator/index.tsx": {"path":"/Users/neosoft/MyApp/src/Validator/index.tsx","statementMap":{},"fnMap":{},"branchMap":{},"s":{},"f":{},"b":{},"_coverageSchema":"1a1c01bbd47fc00a2c39e90264f33305004495a9","hash":"4e56a88956e7e12503eb0ff23bbab99440e525fd"}
}
