{"/Users/neosoft/MyApp/axios.tsx": {"path":"/Users/neosoft/MyApp/axios.tsx","statementMap":{"0":{"start":{"line":3,"column":17},"end":{"line":5,"column":2}}},"fnMap":{},"branchMap":{},"s":{"0":1},"f":{},"b":{},"_coverageSchema":"1a1c01bbd47fc00a2c39e90264f33305004495a9","hash":"b17bc40f473581a306bc59cb4886442afb905724"}
,"/Users/neosoft/MyApp/src/Screens/SignUp.tsx": {"path":"/Users/neosoft/MyApp/src/Screens/SignUp.tsx","statementMap":{"0":{"start":{"line":24,"column":19},"end":{"line":229,"column":1}},"1":{"start":{"line":26,"column":36},"end":{"line":26,"column":56}},"2":{"start":{"line":27,"column":36},"end":{"line":27,"column":56}},"3":{"start":{"line":28,"column":50},"end":{"line":28,"column":70}},"4":{"start":{"line":29,"column":31},"end":{"line":29,"column":51}},"5":{"start":{"line":30,"column":23},"end":{"line":30,"column":56}},"6":{"start":{"line":33,"column":21},"end":{"line":47,"column":5}},"7":{"start":{"line":35,"column":8},"end":{"line":35,"column":21}},"8":{"start":{"line":37,"column":8},"end":{"line":46,"column":22}},"9":{"start":{"line":38,"column":12},"end":{"line":38,"column":58}},"10":{"start":{"line":39,"column":13},"end":{"line":46,"column":22}},"11":{"start":{"line":40,"column":12},"end":{"line":40,"column":67}},"12":{"start":{"line":41,"column":13},"end":{"line":46,"column":22}},"13":{"start":{"line":42,"column":12},"end":{"line":42,"column":67}},"14":{"start":{"line":43,"column":13},"end":{"line":46,"column":22}},"15":{"start":{"line":44,"column":12},"end":{"line":44,"column":55}},"16":{"start":{"line":46,"column":12},"end":{"line":46,"column":22}},"17":{"start":{"line":52,"column":20},"end":{"line":88,"column":5}},"18":{"start":{"line":56,"column":32},"end":{"line":56,"column":37}},"19":{"start":{"line":57,"column":8},"end":{"line":87,"column":11}},"20":{"start":{"line":59,"column":12},"end":{"line":59,"column":74}},"21":{"start":{"line":61,"column":24},"end":{"line":61,"column":52}},"22":{"start":{"line":62,"column":12},"end":{"line":62,"column":54}},"23":{"start":{"line":64,"column":12},"end":{"line":82,"column":58}},"24":{"start":{"line":66,"column":33},"end":{"line":69,"column":17}},"25":{"start":{"line":71,"column":16},"end":{"line":78,"column":24}},"26":{"start":{"line":74,"column":24},"end":{"line":74,"column":56}},"27":{"start":{"line":77,"column":24},"end":{"line":77,"column":76}},"28":{"start":{"line":79,"column":20},"end":{"line":79,"column":66}},"29":{"start":{"line":82,"column":16},"end":{"line":82,"column":58}},"30":{"start":{"line":85,"column":12},"end":{"line":85,"column":58}},"31":{"start":{"line":86,"column":12},"end":{"line":86,"column":75}},"32":{"start":{"line":90,"column":4},"end":{"line":228,"column":5}},"33":{"start":{"line":109,"column":44},"end":{"line":109,"column":62}},"34":{"start":{"line":125,"column":44},"end":{"line":125,"column":62}},"35":{"start":{"line":141,"column":44},"end":{"line":141,"column":69}},"36":{"start":{"line":152,"column":31},"end":{"line":152,"column":41}},"37":{"start":{"line":160,"column":31},"end":{"line":160,"column":59}},"38":{"start":{"line":231,"column":15},"end":{"line":287,"column":2}}},"fnMap":{"0":{"name":"(anonymous_0)","decl":{"start":{"line":24,"column":19},"end":{"line":24,"column":20}},"loc":{"start":{"line":24,"column":25},"end":{"line":229,"column":1}},"line":24},"1":{"name":"(anonymous_1)","decl":{"start":{"line":33,"column":21},"end":{"line":33,"column":22}},"loc":{"start":{"line":33,"column":27},"end":{"line":47,"column":5}},"line":33},"2":{"name":"(anonymous_2)","decl":{"start":{"line":52,"column":20},"end":{"line":52,"column":21}},"loc":{"start":{"line":52,"column":30},"end":{"line":88,"column":5}},"line":52},"3":{"name":"(anonymous_3)","decl":{"start":{"line":58,"column":14},"end":{"line":58,"column":15}},"loc":{"start":{"line":58,"column":32},"end":{"line":83,"column":9}},"line":58},"4":{"name":"(anonymous_4)","decl":{"start":{"line":72,"column":27},"end":{"line":72,"column":28}},"loc":{"start":{"line":72,"column":39},"end":{"line":75,"column":21}},"line":72},"5":{"name":"(anonymous_5)","decl":{"start":{"line":76,"column":28},"end":{"line":76,"column":29}},"loc":{"start":{"line":76,"column":37},"end":{"line":78,"column":21}},"line":76},"6":{"name":"(anonymous_6)","decl":{"start":{"line":84,"column":15},"end":{"line":84,"column":16}},"loc":{"start":{"line":84,"column":24},"end":{"line":87,"column":9}},"line":84},"7":{"name":"(anonymous_7)","decl":{"start":{"line":109,"column":34},"end":{"line":109,"column":35}},"loc":{"start":{"line":109,"column":44},"end":{"line":109,"column":62}},"line":109},"8":{"name":"(anonymous_8)","decl":{"start":{"line":125,"column":34},"end":{"line":125,"column":35}},"loc":{"start":{"line":125,"column":44},"end":{"line":125,"column":62}},"line":125},"9":{"name":"(anonymous_9)","decl":{"start":{"line":141,"column":34},"end":{"line":141,"column":35}},"loc":{"start":{"line":141,"column":44},"end":{"line":141,"column":69}},"line":141},"10":{"name":"(anonymous_10)","decl":{"start":{"line":152,"column":25},"end":{"line":152,"column":26}},"loc":{"start":{"line":152,"column":31},"end":{"line":152,"column":41}},"line":152},"11":{"name":"(anonymous_11)","decl":{"start":{"line":160,"column":25},"end":{"line":160,"column":26}},"loc":{"start":{"line":160,"column":31},"end":{"line":160,"column":59}},"line":160}},"branchMap":{"0":{"loc":{"start":{"line":37,"column":8},"end":{"line":46,"column":22}},"type":"if","locations":[{"start":{"line":37,"column":8},"end":{"line":46,"column":22}},{"start":{"line":39,"column":13},"end":{"line":46,"column":22}}],"line":37},"1":{"loc":{"start":{"line":39,"column":13},"end":{"line":46,"column":22}},"type":"if","locations":[{"start":{"line":39,"column":13},"end":{"line":46,"column":22}},{"start":{"line":41,"column":13},"end":{"line":46,"column":22}}],"line":39},"2":{"loc":{"start":{"line":41,"column":13},"end":{"line":46,"column":22}},"type":"if","locations":[{"start":{"line":41,"column":13},"end":{"line":46,"column":22}},{"start":{"line":43,"column":13},"end":{"line":46,"column":22}}],"line":41},"3":{"loc":{"start":{"line":43,"column":13},"end":{"line":46,"column":22}},"type":"if","locations":[{"start":{"line":43,"column":13},"end":{"line":46,"column":22}},{"start":{"line":46,"column":12},"end":{"line":46,"column":22}}],"line":43},"4":{"loc":{"start":{"line":64,"column":12},"end":{"line":82,"column":58}},"type":"if","locations":[{"start":{"line":64,"column":12},"end":{"line":82,"column":58}},{"start":{"line":82,"column":16},"end":{"line":82,"column":58}}],"line":64},"5":{"loc":{"start":{"line":146,"column":14},"end":{"line":146,"column":86}},"type":"cond-expr","locations":[{"start":{"line":146,"column":33},"end":{"line":146,"column":79}},{"start":{"line":146,"column":82},"end":{"line":146,"column":86}}],"line":146}},"s":{"0":1,"1":5,"2":5,"3":5,"4":5,"5":5,"6":5,"7":1,"8":1,"9":0,"10":1,"11":1,"12":0,"13":0,"14":0,"15":0,"16":0,"17":5,"18":0,"19":0,"20":0,"21":0,"22":0,"23":0,"24":0,"25":0,"26":0,"27":0,"28":0,"29":0,"30":0,"31":0,"32":5,"33":1,"34":1,"35":1,"36":1,"37":1,"38":1},"f":{"0":5,"1":1,"2":0,"3":0,"4":0,"5":0,"6":0,"7":1,"8":1,"9":1,"10":1,"11":1},"b":{"0":[0,1],"1":[1,0],"2":[0,0],"3":[0,0],"4":[0,0],"5":[1,4]},"_coverageSchema":"1a1c01bbd47fc00a2c39e90264f33305004495a9","hash":"15ee055ea4e2c825ae783cd34aa6cc4cac78c703"}
,"/Users/neosoft/MyApp/src/Validator/auth.tsx": {"path":"/Users/neosoft/MyApp/src/Validator/auth.tsx","statementMap":{"0":{"start":{"line":2,"column":15},"end":{"line":2,"column":79}},"1":{"start":{"line":3,"column":4},"end":{"line":3,"column":29}},"2":{"start":{"line":7,"column":15},"end":{"line":7,"column":36}},"3":{"start":{"line":9,"column":4},"end":{"line":9,"column":25}}},"fnMap":{"0":{"name":"validatePassword","decl":{"start":{"line":1,"column":16},"end":{"line":1,"column":32}},"loc":{"start":{"line":1,"column":48},"end":{"line":4,"column":3}},"line":1},"1":{"name":"validateName","decl":{"start":{"line":6,"column":18},"end":{"line":6,"column":30}},"loc":{"start":{"line":6,"column":42},"end":{"line":10,"column":3}},"line":6}},"branchMap":{},"s":{"0":1,"1":1,"2":1,"3":1},"f":{"0":1,"1":1},"b":{},"_coverageSchema":"1a1c01bbd47fc00a2c39e90264f33305004495a9","hash":"9db97b60c31d4b0a0637d451e0605a40f292234d"}
,"/Users/neosoft/MyApp/src/Validator/index.tsx": {"path":"/Users/neosoft/MyApp/src/Validator/index.tsx","statementMap":{},"fnMap":{},"branchMap":{},"s":{},"f":{},"b":{},"_coverageSchema":"1a1c01bbd47fc00a2c39e90264f33305004495a9","hash":"4e56a88956e7e12503eb0ff23bbab99440e525fd"}
}
