TN:
SF:axios.tsx
FNF:0
FNH:0
DA:3,1
LF:1
LH:1
BRF:0
BRH:0
end_of_record
TN:
SF:src/Screens/SignUp.tsx
FN:24,(anonymous_0)
FN:33,(anonymous_1)
FN:52,(anonymous_2)
FN:58,(anonymous_3)
FN:72,(anonymous_4)
FN:76,(anonymous_5)
FN:84,(anonymous_6)
FN:109,(anonymous_7)
FN:125,(anonymous_8)
FN:141,(anonymous_9)
FN:152,(anonymous_10)
FN:160,(anonymous_11)
FNF:12
FNH:7
FNDA:5,(anonymous_0)
FNDA:1,(anonymous_1)
FNDA:0,(anonymous_2)
FNDA:0,(anonymous_3)
FNDA:0,(anonymous_4)
FNDA:0,(anonymous_5)
FNDA:0,(anonymous_6)
FNDA:1,(anonymous_7)
FNDA:1,(anonymous_8)
FNDA:1,(anonymous_9)
FNDA:1,(anonymous_10)
FNDA:1,(anonymous_11)
DA:24,1
DA:26,5
DA:27,5
DA:28,5
DA:29,5
DA:30,5
DA:33,5
DA:35,1
DA:37,1
DA:38,0
DA:39,1
DA:40,1
DA:41,0
DA:42,0
DA:43,0
DA:44,0
DA:46,0
DA:52,5
DA:56,0
DA:57,0
DA:59,0
DA:61,0
DA:62,0
DA:64,0
DA:66,0
DA:71,0
DA:74,0
DA:77,0
DA:79,0
DA:82,0
DA:85,0
DA:86,0
DA:90,5
DA:109,1
DA:125,1
DA:141,1
DA:152,1
DA:160,1
DA:231,1
LF:39
LH:19
BRDA:37,0,0,0
BRDA:37,0,1,1
BRDA:39,1,0,1
BRDA:39,1,1,0
BRDA:41,2,0,0
BRDA:41,2,1,0
BRDA:43,3,0,0
BRDA:43,3,1,0
BRDA:64,4,0,0
BRDA:64,4,1,0
BRDA:146,5,0,1
BRDA:146,5,1,4
BRF:12
BRH:4
end_of_record
TN:
SF:src/Validator/auth.tsx
FN:1,validatePassword
FN:6,validateName
FNF:2
FNH:2
FNDA:1,validatePassword
FNDA:1,validateName
DA:2,1
DA:3,1
DA:7,1
DA:9,1
LF:4
LH:4
BRF:0
BRH:0
end_of_record
TN:
SF:src/Validator/index.tsx
FNF:0
FNH:0
LF:0
LH:0
BRF:0
BRH:0
end_of_record
