TN:
SF:axios.tsx
FNF:0
FNH:0
DA:3,2
LF:1
LH:1
BRF:0
BRH:0
end_of_record
TN:
SF:src/sum.js
FN:1,sum
FNF:1
FNH:1
FNDA:1,sum
DA:2,1
DA:4,1
LF:2
LH:2
BRF:0
BRH:0
end_of_record
TN:
SF:src/Screens/AllPosts.tsx
FN:22,(anonymous_0)
FN:44,(anonymous_1)
FN:49,(anonymous_2)
FN:55,(anonymous_3)
FN:64,(anonymous_4)
FN:73,(anonymous_5)
FN:78,(anonymous_6)
FN:106,(anonymous_7)
FN:113,(anonymous_8)
FN:152,(anonymous_9)
FNF:10
FNH:3
FNDA:2,(anonymous_0)
FNDA:2,(anonymous_1)
FNDA:2,(anonymous_2)
FNDA:0,(anonymous_3)
FNDA:0,(anonymous_4)
FNDA:0,(anonymous_5)
FNDA:0,(anonymous_6)
FNDA:0,(anonymous_7)
FNDA:0,(anonymous_8)
FNDA:0,(anonymous_9)
DA:22,1
DA:31,2
DA:34,2
DA:36,2
DA:38,2
DA:39,2
DA:41,2
DA:44,2
DA:45,2
DA:49,2
DA:51,2
DA:58,0
DA:59,0
DA:62,0
DA:66,0
DA:67,0
DA:73,2
DA:76,0
DA:78,0
DA:81,0
DA:82,0
DA:85,0
DA:89,0
DA:90,0
DA:96,0
DA:97,0
DA:100,0
DA:101,0
DA:106,2
DA:107,0
DA:110,0
DA:113,0
DA:114,0
DA:120,0
DA:123,2
DA:152,0
LF:36
LH:14
BRDA:76,0,0,0
BRDA:76,0,1,0
BRDA:81,1,0,0
BRDA:81,1,1,0
BRDA:82,2,0,0
BRDA:82,2,1,0
BRDA:89,3,0,0
BRDA:89,3,1,0
BRDA:110,4,0,0
BRDA:110,4,1,0
BRDA:127,5,0,2
BRDA:127,5,1,0
BRDA:131,6,0,0
BRDA:131,6,1,0
BRF:14
BRH:1
end_of_record
TN:
SF:src/Screens/Login.tsx
FN:29,(anonymous_0)
FN:41,(anonymous_1)
FN:46,(anonymous_2)
FN:56,(anonymous_3)
FN:80,(anonymous_4)
FN:85,(anonymous_5)
FN:99,(anonymous_6)
FN:103,(anonymous_7)
FN:107,(anonymous_8)
FN:122,(anonymous_9)
FN:131,(anonymous_10)
FNF:11
FNH:2
FNDA:2,(anonymous_0)
FNDA:0,(anonymous_1)
FNDA:0,(anonymous_2)
FNDA:0,(anonymous_3)
FNDA:0,(anonymous_4)
FNDA:1,(anonymous_5)
FNDA:0,(anonymous_6)
FNDA:0,(anonymous_7)
FNDA:0,(anonymous_8)
FNDA:0,(anonymous_9)
FNDA:0,(anonymous_10)
DA:29,1
DA:31,2
DA:32,2
DA:33,2
DA:34,2
DA:41,2
DA:43,0
DA:45,0
DA:48,0
DA:50,0
DA:51,0
DA:52,0
DA:54,0
DA:56,0
DA:57,0
DA:58,0
DA:59,0
DA:60,0
DA:61,0
DA:66,0
DA:68,0
DA:69,0
DA:72,0
DA:73,0
DA:76,0
DA:81,0
DA:85,2
DA:87,1
DA:89,1
DA:90,0
DA:92,0
DA:95,0
DA:99,2
DA:100,0
DA:103,2
DA:104,0
DA:107,2
DA:108,0
DA:111,2
DA:122,0
DA:131,0
DA:156,1
LF:42
LH:14
BRDA:50,0,0,0
BRDA:50,0,1,0
BRDA:57,1,0,0
BRDA:57,1,1,0
BRDA:59,2,0,0
BRDA:59,2,1,0
BRDA:66,3,0,0
BRDA:66,3,1,0
BRDA:72,4,0,0
BRDA:72,4,1,0
BRDA:72,5,0,0
BRDA:72,5,1,0
BRDA:87,6,0,1
BRDA:87,6,1,0
BRDA:90,7,0,0
BRDA:90,7,1,0
BRDA:134,8,0,1
BRDA:134,8,1,1
BRF:18
BRH:3
end_of_record
TN:
SF:src/Screens/Post.tsx
FN:29,(anonymous_0)
FN:38,(anonymous_1)
FNF:2
FNH:0
FNDA:0,(anonymous_0)
FNDA:0,(anonymous_1)
DA:29,1
DA:31,0
DA:32,0
DA:33,0
DA:34,0
DA:39,0
DA:67,1
LF:7
LH:2
BRF:0
BRH:0
end_of_record
TN:
SF:src/Screens/PostDetails.tsx
FN:25,(anonymous_0)
FN:38,(anonymous_1)
FNF:2
FNH:1
FNDA:0,(anonymous_0)
FNDA:2,(anonymous_1)
DA:25,1
DA:26,0
DA:38,1
DA:46,2
DA:48,0
DA:65,1
LF:6
LH:4
BRDA:55,0,0,0
BRDA:55,0,1,0
BRDA:56,1,0,0
BRDA:56,1,1,0
BRDA:57,2,0,0
BRDA:57,2,1,0
BRF:6
BRH:0
end_of_record
TN:
SF:src/Screens/SignUp.tsx
FN:25,(anonymous_0)
FN:34,(anonymous_1)
FN:53,(anonymous_2)
FN:59,(anonymous_3)
FN:73,(anonymous_4)
FN:77,(anonymous_5)
FN:85,(anonymous_6)
FN:91,(anonymous_7)
FN:95,(anonymous_8)
FN:102,(anonymous_9)
FN:125,(anonymous_10)
FN:141,(anonymous_11)
FN:157,(anonymous_12)
FN:168,(anonymous_13)
FNF:14
FNH:9
FNDA:5,(anonymous_0)
FNDA:1,(anonymous_1)
FNDA:0,(anonymous_2)
FNDA:0,(anonymous_3)
FNDA:0,(anonymous_4)
FNDA:0,(anonymous_5)
FNDA:0,(anonymous_6)
FNDA:1,(anonymous_7)
FNDA:2,(anonymous_8)
FNDA:1,(anonymous_9)
FNDA:1,(anonymous_10)
FNDA:1,(anonymous_11)
FNDA:1,(anonymous_12)
FNDA:1,(anonymous_13)
DA:23,1
DA:25,1
DA:27,5
DA:28,5
DA:29,5
DA:30,5
DA:31,5
DA:34,5
DA:36,1
DA:38,1
DA:39,0
DA:40,1
DA:41,1
DA:42,0
DA:43,0
DA:44,0
DA:45,0
DA:47,0
DA:53,5
DA:57,0
DA:58,0
DA:60,0
DA:62,0
DA:63,0
DA:65,0
DA:67,0
DA:72,0
DA:75,0
DA:78,0
DA:80,0
DA:83,0
DA:86,0
DA:87,0
DA:91,5
DA:92,1
DA:95,5
DA:96,2
DA:97,1
DA:98,1
DA:99,1
DA:102,5
DA:103,1
DA:106,5
DA:125,1
DA:141,1
DA:157,1
DA:168,1
DA:247,1
LF:48
LH:28
BRDA:38,0,0,0
BRDA:38,0,1,1
BRDA:40,1,0,1
BRDA:40,1,1,0
BRDA:42,2,0,0
BRDA:42,2,1,0
BRDA:44,3,0,0
BRDA:44,3,1,0
BRDA:65,4,0,0
BRDA:65,4,1,0
BRDA:96,5,0,1
BRDA:96,5,1,1
BRDA:98,6,0,1
BRDA:98,6,1,0
BRDA:162,7,0,1
BRDA:162,7,1,4
BRF:16
BRH:7
end_of_record
TN:
SF:src/Screens/styles.tsx
FNF:0
FNH:0
LF:0
LH:0
BRF:0
BRH:0
end_of_record
TN:
SF:src/Validator/auth.tsx
FN:1,validatePassword
FN:6,validateName
FNF:2
FNH:2
FNDA:1,validatePassword
FNDA:2,validateName
DA:2,1
DA:3,1
DA:7,2
DA:9,2
LF:4
LH:4
BRF:0
BRH:0
end_of_record
TN:
SF:src/Validator/index.tsx
FNF:0
FNH:0
LF:0
LH:0
BRF:0
BRH:0
end_of_record
